  GaemEngine.cpp
C:\Users\Admin\OneDrive - Murdoch University\Y3S1\ICT397\repos\V1\engine\Controller\GaemEngine.cpp(40,36): warning C4244: '=': conversion from 'int' to 'float', possible loss of data
  InputManager.cpp
  physics.cpp
  GameObject.cpp
  Camera.cpp
  CubeMap.cpp
  EBO.cpp
  Model3D.cpp
  OBJReader.cpp
  Shader.cpp
  stb_image.cpp
  Texture.cpp
  VAO.cpp
  VBO.cpp
  Scene.cpp
  Renderer.cpp
  main.cpp
  Generating Code...
C:\Users\Admin\OneDrive - Murdoch University\Y3S1\ICT397\repos\V1\Engine\Controller\InputManager.cpp(18): warning C4715: 'InputManager::GetKeyState': not all control paths return a value
  glad.c
LINK : warning LNK4098: defaultlib 'MSVCRT' conflicts with use of other libs; use /NODEFAULTLIB:library
physics.obj : error LNK2019: unresolved external symbol "void * __cdecl btAlignedAllocInternal(unsigned int,int)" (?btAlignedAllocInternal@@YAPAXIH@Z) referenced in function "public: static void * __cdecl btBoxShape::operator new(unsigned int)" (??2btBoxShape@@SAPAXI@Z)
physics.obj : error LNK2019: unresolved external symbol "void __cdecl btAlignedFreeInternal(void *)" (?btAlignedFreeInternal@@YAXPAX@Z) referenced in function "public: static void __cdecl btBoxShape::operator delete(void *)" (??3btBoxShape@@SAXPAX@Z)
physics.obj : error LNK2019: unresolved external symbol "public: __thiscall btCollisionDispatcher::btCollisionDispatcher(class btCollisionConfiguration *)" (??0btCollisionDispatcher@@QAE@PAVbtCollisionConfiguration@@@Z) referenced in function "public: void __thiscall Physics::SetupPhysWorld(void)" (?SetupPhysWorld@Physics@@QAEXXZ)
physics.obj : error LNK2019: unresolved external symbol "public: __thiscall btBoxShape::btBoxShape(class btVector3 const &)" (??0btBoxShape@@QAE@ABVbtVector3@@@Z) referenced in function "public: void __thiscall Physics::AddRigidBody(class GameObject)" (?AddRigidBody@Physics@@QAEXVGameObject@@@Z)
physics.obj : error LNK2019: unresolved external symbol "public: __thiscall btDefaultCollisionConfiguration::btDefaultCollisionConfiguration(struct btDefaultCollisionConstructionInfo const &)" (??0btDefaultCollisionConfiguration@@QAE@ABUbtDefaultCollisionConstructionInfo@@@Z) referenced in function "public: void __thiscall Physics::SetupPhysWorld(void)" (?SetupPhysWorld@Physics@@QAEXXZ)
physics.obj : error LNK2019: unresolved external symbol "public: __thiscall btDbvtBroadphase::btDbvtBroadphase(class btOverlappingPairCache *)" (??0btDbvtBroadphase@@QAE@PAVbtOverlappingPairCache@@@Z) referenced in function "public: void __thiscall Physics::SetupPhysWorld(void)" (?SetupPhysWorld@Physics@@QAEXXZ)
physics.obj : error LNK2019: unresolved external symbol "public: __thiscall btDiscreteDynamicsWorld::btDiscreteDynamicsWorld(class btDispatcher *,class btBroadphaseInterface *,class btConstraintSolver *,class btCollisionConfiguration *)" (??0btDiscreteDynamicsWorld@@QAE@PAVbtDispatcher@@PAVbtBroadphaseInterface@@PAVbtConstraintSolver@@PAVbtCollisionConfiguration@@@Z) referenced in function "public: void __thiscall Physics::SetupPhysWorld(void)" (?SetupPhysWorld@Physics@@QAEXXZ)
physics.obj : error LNK2019: unresolved external symbol "public: __thiscall btRigidBody::btRigidBody(struct btRigidBody::btRigidBodyConstructionInfo const &)" (??0btRigidBody@@QAE@ABUbtRigidBodyConstructionInfo@0@@Z) referenced in function "public: void __thiscall Physics::AddRigidBody(class GameObject)" (?AddRigidBody@Physics@@QAEXVGameObject@@@Z)
physics.obj : error LNK2019: unresolved external symbol "public: __thiscall btSequentialImpulseConstraintSolver::btSequentialImpulseConstraintSolver(void)" (??0btSequentialImpulseConstraintSolver@@QAE@XZ) referenced in function "public: void __thiscall Physics::SetupPhysWorld(void)" (?SetupPhysWorld@Physics@@QAEXXZ)
C:\Users\Admin\OneDrive - Murdoch University\Y3S1\ICT397\repos\V1\Debug\GameEngine2.exe : fatal error LNK1120: 9 unresolved externals
