  Camera.cpp
  CubeMap.cpp
  EBO.cpp
  Model3D.cpp
  OBJReader.cpp
  Shader.cpp
  stb_image.cpp
  Texture.cpp
  VAO.cpp
  VBO.cpp
  main.cpp
E:\Uni Stuff\OneDrive - Murdoch University\Y3S1\ICT397\repos\main.cpp(1,10): warning C4067: unexpected tokens following preprocessor directive - expected a newline
CubeMap.obj : error LNK2001: unresolved external symbol _glad_glActiveTexture
CubeMap.obj : error LNK2001: unresolved external symbol _glad_glBindTexture
CubeMap.obj : error LNK2001: unresolved external symbol _glad_glTexImage2D
CubeMap.obj : error LNK2001: unresolved external symbol _glad_glGenTextures
CubeMap.obj : error LNK2001: unresolved external symbol _glad_glDepthFunc
CubeMap.obj : error LNK2001: unresolved external symbol _glad_glTexParameteri
CubeMap.obj : error LNK2001: unresolved external symbol _glad_glDrawArrays
EBO.obj : error LNK2001: unresolved external symbol _glad_glBindBuffer
EBO.obj : error LNK2001: unresolved external symbol _glad_glGenBuffers
EBO.obj : error LNK2001: unresolved external symbol _glad_glDeleteBuffers
EBO.obj : error LNK2001: unresolved external symbol _glad_glBufferData
Model3D.obj : error LNK2001: unresolved external symbol _glad_glDrawElementsInstanced
Model3D.obj : error LNK2001: unresolved external symbol _glad_glDrawElements
Model3D.obj : error LNK2001: unresolved external symbol _glad_glVertexAttribDivisor
Shader.obj : error LNK2001: unresolved external symbol _glad_glLinkProgram
Shader.obj : error LNK2001: unresolved external symbol _glad_glUniform1f
Shader.obj : error LNK2001: unresolved external symbol _glad_glAttachShader
Shader.obj : error LNK2001: unresolved external symbol _glad_glGetUniformLocation
Shader.obj : error LNK2001: unresolved external symbol _glad_glDeleteShader
Shader.obj : error LNK2001: unresolved external symbol _glad_glUseProgram
Shader.obj : error LNK2001: unresolved external symbol _glad_glUniformMatrix4fv
Shader.obj : error LNK2001: unresolved external symbol _glad_glUniform3f
Shader.obj : error LNK2001: unresolved external symbol _glad_glCreateProgram
Shader.obj : error LNK2001: unresolved external symbol _glad_glGetShaderiv
Shader.obj : error LNK2001: unresolved external symbol _glad_glGetShaderInfoLog
Shader.obj : error LNK2001: unresolved external symbol _glad_glCreateShader
Shader.obj : error LNK2001: unresolved external symbol _glad_glUniform4f
Shader.obj : error LNK2001: unresolved external symbol _glad_glUniform2f
Shader.obj : error LNK2001: unresolved external symbol _glad_glShaderSource
Shader.obj : error LNK2001: unresolved external symbol _glad_glUniform1i
Shader.obj : error LNK2001: unresolved external symbol _glad_glGetProgramiv
Shader.obj : error LNK2001: unresolved external symbol _glad_glCompileShader
Shader.obj : error LNK2001: unresolved external symbol _glad_glGetProgramInfoLog
Texture.obj : error LNK2001: unresolved external symbol _glad_glDeleteTextures
Texture.obj : error LNK2001: unresolved external symbol _glad_glGenerateMipmap
Texture.obj : error LNK2001: unresolved external symbol _glad_glEnable
VAO.obj : error LNK2001: unresolved external symbol _glad_glDeleteVertexArrays
VAO.obj : error LNK2001: unresolved external symbol _glad_glEnableVertexAttribArray
VAO.obj : error LNK2001: unresolved external symbol _glad_glBindVertexArray
VAO.obj : error LNK2001: unresolved external symbol _glad_glGenVertexArrays
VAO.obj : error LNK2001: unresolved external symbol _glad_glVertexAttribPointer
main.obj : error LNK2001: unresolved external symbol _glfwSwapBuffers
main.obj : error LNK2001: unresolved external symbol _glad_glViewport
main.obj : error LNK2001: unresolved external symbol _glfwTerminate
main.obj : error LNK2001: unresolved external symbol _glfwPollEvents
main.obj : error LNK2001: unresolved external symbol _glfwInit
main.obj : error LNK2001: unresolved external symbol _glfwCreateWindow
main.obj : error LNK2001: unresolved external symbol _glfwWindowHint
main.obj : error LNK2001: unresolved external symbol _glfwMakeContextCurrent
main.obj : error LNK2001: unresolved external symbol _glfwDestroyWindow
main.obj : error LNK2001: unresolved external symbol _gladLoadGLLoader
main.obj : error LNK2001: unresolved external symbol _glfwGetProcAddress
main.obj : error LNK2001: unresolved external symbol _glfwWindowShouldClose
E:\Uni Stuff\OneDrive - Murdoch University\Y3S1\ICT397\repos\Release\GameEngine2.exe : fatal error LNK1120: 53 unresolved externals
